-------------------------------------------------------------------------------
Test set: com.mycompany.app.week4.LinkedListTest
-------------------------------------------------------------------------------
Tests run: 2, Failures: 1, Errors: 0, Skipped: 0, Time elapsed: 0.036 s <<< FAILURE! - in com.mycompany.app.week4.LinkedListTest
testGett(com.mycompany.app.week4.LinkedListTest)  Time elapsed: 0.009 s  <<< FAILURE!
org.junit.ComparisonFailure: check first  expected:<mohame[]> but was:<mohame[d]>
	at com.mycompany.app.week4.LinkedListTest.testGett(LinkedListTest.java:72)

