<?xml version="1.0" encoding="UTF-8"?>
<testsuite xmlns:xsi="http://www.w3.org/2001/XMLSchema-instance" xsi:noNamespaceSchemaLocation="https://maven.apache.org/surefire/maven-surefire-plugin/xsd/surefire-test-report.xsd" name="com.mycompany.app.week4.LinkedListTest" time="0.068" tests="6" errors="0" skipped="0" failures="0">
  <properties>
[...]
</properties>
  <testcase name="testGet" classname="com.mycompany.app.week4.LinkedListTest" time="0.004"/>
  <testcase name="testSet" classname="com.mycompany.app.week4.LinkedListTest" time="0"/>
  <testcase name="testSize" classname="com.mycompany.app.week4.LinkedListTest" time="0.001"/>
  <testcase name="testRemoveFirst" classname="com.mycompany.app.week4.LinkedListTest" time="0.001"/>
  <testcase name="testAddFront" classname="com.mycompany.app.week4.LinkedListTest" time="0.001"/>
  <testcase name="testRemovelast" classname="com.mycompany.app.week4.LinkedListTest" time="0.001"/>
</testsuite>